{"numFailedTestSuites":0,"numFailedTests":0,"numPassedTestSuites":3,"numPassedTests":59,"numPendingTestSuites":0,"numPendingTests":0,"numRuntimeErrorTestSuites":0,"numTodoTests":0,"numTotalTestSuites":3,"numTotalTests":59,"openHandles":[],"snapshot":{"added":0,"didUpdate":false,"failure":false,"filesAdded":0,"filesRemoved":0,"filesRemovedList":[],"filesUnmatched":0,"filesUpdated":0,"matched":0,"total":0,"unchecked":0,"uncheckedKeysByFile":[],"unmatched":0,"updated":0},"startTime":1779383179304,"success":true,"testResults":[{"assertionResults":[{"ancestorTitles":["AuthService","signUp"],"duration":11,"failureDetails":[],"failureMessages":[],"fullName":"AuthService signUp should register a new user and return success message","invocations":1,"location":null,"numPassingAsserts":2,"retryReasons":[],"status":"passed","title":"should register a new user and return success message"},{"ancestorTitles":["AuthService","signUp"],"duration":10,"failureDetails":[],"failureMessages":[],"fullName":"AuthService signUp should throw ConflictException when email or username already exists","invocations":1,"location":null,"numPassingAsserts":1,"retryReasons":[],"status":"passed","title":"should throw ConflictException when email or username already exists"},{"ancestorTitles":["AuthService","signUp"],"duration":2,"failureDetails":[],"failureMessages":[],"fullName":"AuthService signUp should throw BadRequestException when captcha is invalid","invocations":1,"location":null,"numPassingAsserts":1,"retryReasons":[],"status":"passed","title":"should throw BadRequestException when captcha is invalid"},{"ancestorTitles":["AuthService","signUp"],"duration":3,"failureDetails":[],"failureMessages":[],"fullName":"AuthService signUp should rollback user creation if email sending fails","invocations":1,"location":null,"numPassingAsserts":2,"retryReasons":[],"status":"passed","title":"should rollback user creation if email sending fails"},{"ancestorTitles":["AuthService","signIn"],"duration":2,"failureDetails":[],"failureMessages":[],"fullName":"AuthService signIn should return access_token and user on valid credentials","invocations":1,"location":null,"numPassingAsserts":3,"retryReasons":[],"status":"passed","title":"should return access_token and user on valid credentials"},{"ancestorTitles":["AuthService","signIn"],"duration":1,"failureDetails":[],"failureMessages":[],"fullName":"AuthService signIn should throw UnauthorizedException if user not found","invocations":1,"location":null,"numPassingAsserts":1,"retryReasons":[],"status":"passed","title":"should throw UnauthorizedException if user not found"},{"ancestorTitles":["AuthService","signIn"],"duration":5,"failureDetails":[],"failureMessages":[],"fullName":"AuthService signIn should throw UnauthorizedException if password does not match","invocations":1,"location":null,"numPassingAsserts":1,"retryReasons":[],"status":"passed","title":"should throw UnauthorizedException if password does not match"},{"ancestorTitles":["AuthService","signIn"],"duration":2,"failureDetails":[],"failureMessages":[],"fullName":"AuthService signIn should throw UnauthorizedException if email is not verified","invocations":1,"location":null,"numPassingAsserts":1,"retryReasons":[],"status":"passed","title":"should throw UnauthorizedException if email is not verified"},{"ancestorTitles":["AuthService","changePassword"],"duration":1,"failureDetails":[],"failureMessages":[],"fullName":"AuthService changePassword should update password successfully","invocations":1,"location":null,"numPassingAsserts":2,"retryReasons":[],"status":"passed","title":"should update password successfully"},{"ancestorTitles":["AuthService","changePassword"],"duration":1,"failureDetails":[],"failureMessages":[],"fullName":"AuthService changePassword should throw UnauthorizedException if user not found","invocations":1,"location":null,"numPassingAsserts":1,"retryReasons":[],"status":"passed","title":"should throw UnauthorizedException if user not found"},{"ancestorTitles":["AuthService","changePassword"],"duration":1,"failureDetails":[],"failureMessages":[],"fullName":"AuthService changePassword should throw BadRequestException if old password is incorrect","invocations":1,"location":null,"numPassingAsserts":1,"retryReasons":[],"status":"passed","title":"should throw BadRequestException if old password is incorrect"},{"ancestorTitles":["AuthService","verifyEmail"],"duration":1,"failureDetails":[],"failureMessages":[],"fullName":"AuthService verifyEmail should verify user email and clear token","invocations":1,"location":null,"numPassingAsserts":2,"retryReasons":[],"status":"passed","title":"should verify user email and clear token"},{"ancestorTitles":["AuthService","verifyEmail"],"duration":1,"failureDetails":[],"failureMessages":[],"fullName":"AuthService verifyEmail should throw BadRequestException for invalid token","invocations":1,"location":null,"numPassingAsserts":1,"retryReasons":[],"status":"passed","title":"should throw BadRequestException for invalid token"},{"ancestorTitles":["AuthService","forgotPassword"],"duration":1,"failureDetails":[],"failureMessages":[],"fullName":"AuthService forgotPassword should return generic message if user does not exist (privacy)","invocations":1,"location":null,"numPassingAsserts":2,"retryReasons":[],"status":"passed","title":"should return generic message if user does not exist (privacy)"},{"ancestorTitles":["AuthService","forgotPassword"],"duration":1,"failureDetails":[],"failureMessages":[],"fullName":"AuthService forgotPassword should save reset token and send email for known user","invocations":1,"location":null,"numPassingAsserts":2,"retryReasons":[],"status":"passed","title":"should save reset token and send email for known user"},{"ancestorTitles":["AuthService","resetPassword"],"duration":1,"failureDetails":[],"failureMessages":[],"fullName":"AuthService resetPassword should reset password for valid token","invocations":1,"location":null,"numPassingAsserts":2,"retryReasons":[],"status":"passed","title":"should reset password for valid token"},{"ancestorTitles":["AuthService","resetPassword"],"duration":1,"failureDetails":[],"failureMessages":[],"fullName":"AuthService resetPassword should throw BadRequestException for invalid reset token","invocations":1,"location":null,"numPassingAsserts":1,"retryReasons":[],"status":"passed","title":"should throw BadRequestException for invalid reset token"},{"ancestorTitles":["AuthService","resendVerificationEmail"],"duration":0,"failureDetails":[],"failureMessages":[],"fullName":"AuthService resendVerificationEmail should return generic message if user does not exist (privacy)","invocations":1,"location":null,"numPassingAsserts":1,"retryReasons":[],"status":"passed","title":"should return generic message if user does not exist (privacy)"},{"ancestorTitles":["AuthService","resendVerificationEmail"],"duration":1,"failureDetails":[],"failureMessages":[],"fullName":"AuthService resendVerificationEmail should throw BadRequestException if user is already verified","invocations":1,"location":null,"numPassingAsserts":1,"retryReasons":[],"status":"passed","title":"should throw BadRequestException if user is already verified"},{"ancestorTitles":["AuthService","resendVerificationEmail"],"duration":1,"failureDetails":[],"failureMessages":[],"fullName":"AuthService resendVerificationEmail should send new verification email for unverified user","invocations":1,"location":null,"numPassingAsserts":2,"retryReasons":[],"status":"passed","title":"should send new verification email for unverified user"}],"endTime":1779383180889,"message":"","name":"D:\\movie-manager\\movie-backend\\src\\auth\\tests\\auth.service.spec.ts","startTime":1779383179789,"status":"passed","summary":""},{"assertionResults":[{"ancestorTitles":["MoviesService","addToWatchlist"],"duration":11,"failureDetails":[],"failureMessages":[],"fullName":"MoviesService addToWatchlist should add a new item to the watchlist","invocations":1,"location":null,"numPassingAsserts":3,"retryReasons":[],"status":"passed","title":"should add a new item to the watchlist"},{"ancestorTitles":["MoviesService","addToWatchlist"],"duration":25,"failureDetails":[],"failureMessages":[],"fullName":"MoviesService addToWatchlist should throw BadRequestException if item already exists","invocations":1,"location":null,"numPassingAsserts":1,"retryReasons":[],"status":"passed","title":"should throw BadRequestException if item already exists"},{"ancestorTitles":["MoviesService","addToWatchlist"],"duration":3,"failureDetails":[],"failureMessages":[],"fullName":"MoviesService addToWatchlist should use \"movie\" as default media type","invocations":1,"location":null,"numPassingAsserts":1,"retryReasons":[],"status":"passed","title":"should use \"movie\" as default media type"},{"ancestorTitles":["MoviesService","getWatchlist"],"duration":5,"failureDetails":[],"failureMessages":[],"fullName":"MoviesService getWatchlist should return only unwatched items for the user","invocations":1,"location":null,"numPassingAsserts":2,"retryReasons":[],"status":"passed","title":"should return only unwatched items for the user"},{"ancestorTitles":["MoviesService","getWatchlist"],"duration":2,"failureDetails":[],"failureMessages":[],"fullName":"MoviesService getWatchlist should return empty array when watchlist is empty","invocations":1,"location":null,"numPassingAsserts":1,"retryReasons":[],"status":"passed","title":"should return empty array when watchlist is empty"},{"ancestorTitles":["MoviesService","getWatchedMovies"],"duration":2,"failureDetails":[],"failureMessages":[],"fullName":"MoviesService getWatchedMovies should return only watched items","invocations":1,"location":null,"numPassingAsserts":2,"retryReasons":[],"status":"passed","title":"should return only watched items"},{"ancestorTitles":["MoviesService","markAsWatched"],"duration":1,"failureDetails":[],"failureMessages":[],"fullName":"MoviesService markAsWatched should mark item as watched and save","invocations":1,"location":null,"numPassingAsserts":3,"retryReasons":[],"status":"passed","title":"should mark item as watched and save"},{"ancestorTitles":["MoviesService","markAsWatched"],"duration":1,"failureDetails":[],"failureMessages":[],"fullName":"MoviesService markAsWatched should throw NotFoundException when item is not in watchlist","invocations":1,"location":null,"numPassingAsserts":1,"retryReasons":[],"status":"passed","title":"should throw NotFoundException when item is not in watchlist"},{"ancestorTitles":["MoviesService","rateMovie"],"duration":2,"failureDetails":[],"failureMessages":[],"fullName":"MoviesService rateMovie should set rating and mark as watched","invocations":1,"location":null,"numPassingAsserts":2,"retryReasons":[],"status":"passed","title":"should set rating and mark as watched"},{"ancestorTitles":["MoviesService","rateMovie"],"duration":1,"failureDetails":[],"failureMessages":[],"fullName":"MoviesService rateMovie should throw NotFoundException when item is not found","invocations":1,"location":null,"numPassingAsserts":1,"retryReasons":[],"status":"passed","title":"should throw NotFoundException when item is not found"},{"ancestorTitles":["MoviesService","rateMovie"],"duration":1,"failureDetails":[],"failureMessages":[],"fullName":"MoviesService rateMovie should clear recommendations cache after rating","invocations":1,"location":null,"numPassingAsserts":1,"retryReasons":[],"status":"passed","title":"should clear recommendations cache after rating"},{"ancestorTitles":["MoviesService","toggleFavorite"],"duration":2,"failureDetails":[],"failureMessages":[],"fullName":"MoviesService toggleFavorite should toggle isFavorite from false to true","invocations":1,"location":null,"numPassingAsserts":1,"retryReasons":[],"status":"passed","title":"should toggle isFavorite from false to true"},{"ancestorTitles":["MoviesService","toggleFavorite"],"duration":1,"failureDetails":[],"failureMessages":[],"fullName":"MoviesService toggleFavorite should toggle isFavorite from true to false","invocations":1,"location":null,"numPassingAsserts":1,"retryReasons":[],"status":"passed","title":"should toggle isFavorite from true to false"},{"ancestorTitles":["MoviesService","toggleFavorite"],"duration":2,"failureDetails":[],"failureMessages":[],"fullName":"MoviesService toggleFavorite should throw NotFoundException when item is not in watchlist","invocations":1,"location":null,"numPassingAsserts":1,"retryReasons":[],"status":"passed","title":"should throw NotFoundException when item is not in watchlist"},{"ancestorTitles":["MoviesService","getMovieUserStatus"],"duration":1,"failureDetails":[],"failureMessages":[],"fullName":"MoviesService getMovieUserStatus should return the watchlist item when it exists","invocations":1,"location":null,"numPassingAsserts":1,"retryReasons":[],"status":"passed","title":"should return the watchlist item when it exists"},{"ancestorTitles":["MoviesService","getMovieUserStatus"],"duration":2,"failureDetails":[],"failureMessages":[],"fullName":"MoviesService getMovieUserStatus should return null when item is not in watchlist","invocations":1,"location":null,"numPassingAsserts":1,"retryReasons":[],"status":"passed","title":"should return null when item is not in watchlist"},{"ancestorTitles":["MoviesService","removeFromWatchlist"],"duration":1,"failureDetails":[],"failureMessages":[],"fullName":"MoviesService removeFromWatchlist should remove item and return success message","invocations":1,"location":null,"numPassingAsserts":3,"retryReasons":[],"status":"passed","title":"should remove item and return success message"},{"ancestorTitles":["MoviesService","removeFromWatchlist"],"duration":1,"failureDetails":[],"failureMessages":[],"fullName":"MoviesService removeFromWatchlist should throw NotFoundException when item does not exist","invocations":1,"location":null,"numPassingAsserts":1,"retryReasons":[],"status":"passed","title":"should throw NotFoundException when item does not exist"},{"ancestorTitles":["MoviesService","searchMovies"],"duration":0,"failureDetails":[],"failureMessages":[],"fullName":"MoviesService searchMovies should return cached results when available","invocations":1,"location":null,"numPassingAsserts":2,"retryReasons":[],"status":"passed","title":"should return cached results when available"},{"ancestorTitles":["MoviesService","searchMovies"],"duration":1,"failureDetails":[],"failureMessages":[],"fullName":"MoviesService searchMovies should query TMDB API on cache miss","invocations":1,"location":null,"numPassingAsserts":1,"retryReasons":[],"status":"passed","title":"should query TMDB API on cache miss"},{"ancestorTitles":["MoviesService","searchMovies"],"duration":1,"failureDetails":[],"failureMessages":[],"fullName":"MoviesService searchMovies should cache results after TMDB API call","invocations":1,"location":null,"numPassingAsserts":1,"retryReasons":[],"status":"passed","title":"should cache results after TMDB API call"}],"endTime":1779383180914,"message":"","name":"D:\\movie-manager\\movie-backend\\src\\movies\\tests\\movies.service.spec.ts","startTime":1779383179786,"status":"passed","summary":""},{"assertionResults":[{"ancestorTitles":["UsersService","updateUserProfile"],"duration":10,"failureDetails":[],"failureMessages":[],"fullName":"UsersService updateUserProfile should update username successfully","invocations":1,"location":null,"numPassingAsserts":1,"retryReasons":[],"status":"passed","title":"should update username successfully"},{"ancestorTitles":["UsersService","updateUserProfile"],"duration":8,"failureDetails":[],"failureMessages":[],"fullName":"UsersService updateUserProfile should throw NotFoundException when user does not exist","invocations":1,"location":null,"numPassingAsserts":1,"retryReasons":[],"status":"passed","title":"should throw NotFoundException when user does not exist"},{"ancestorTitles":["UsersService","updateUserProfile"],"duration":2,"failureDetails":[],"failureMessages":[],"fullName":"UsersService updateUserProfile should throw BadRequestException for invalid username characters","invocations":1,"location":null,"numPassingAsserts":1,"retryReasons":[],"status":"passed","title":"should throw BadRequestException for invalid username characters"},{"ancestorTitles":["UsersService","updateUserProfile"],"duration":1,"failureDetails":[],"failureMessages":[],"fullName":"UsersService updateUserProfile should throw ConflictException when username is already taken","invocations":1,"location":null,"numPassingAsserts":1,"retryReasons":[],"status":"passed","title":"should throw ConflictException when username is already taken"},{"ancestorTitles":["UsersService","updateUserProfile"],"duration":2,"failureDetails":[],"failureMessages":[],"fullName":"UsersService updateUserProfile should allow keeping the same username (case-insensitive match skips conflict check)","invocations":1,"location":null,"numPassingAsserts":1,"retryReasons":[],"status":"passed","title":"should allow keeping the same username (case-insensitive match skips conflict check)"},{"ancestorTitles":["UsersService","updateUserProfile"],"duration":1,"failureDetails":[],"failureMessages":[],"fullName":"UsersService updateUserProfile should not call findOne for duplicate check when username matches own (same user)","invocations":1,"location":null,"numPassingAsserts":1,"retryReasons":[],"status":"passed","title":"should not call findOne for duplicate check when username matches own (same user)"},{"ancestorTitles":["UsersService","getFriends"],"duration":1,"failureDetails":[],"failureMessages":[],"fullName":"UsersService getFriends should return friend list with id, username, and avatarUrl","invocations":1,"location":null,"numPassingAsserts":2,"retryReasons":[],"status":"passed","title":"should return friend list with id, username, and avatarUrl"},{"ancestorTitles":["UsersService","getFriends"],"duration":1,"failureDetails":[],"failureMessages":[],"fullName":"UsersService getFriends should return empty array when user has no friends","invocations":1,"location":null,"numPassingAsserts":1,"retryReasons":[],"status":"passed","title":"should return empty array when user has no friends"},{"ancestorTitles":["UsersService","getFriends"],"duration":1,"failureDetails":[],"failureMessages":[],"fullName":"UsersService getFriends should throw NotFoundException when user does not exist","invocations":1,"location":null,"numPassingAsserts":1,"retryReasons":[],"status":"passed","title":"should throw NotFoundException when user does not exist"},{"ancestorTitles":["UsersService","addFriend"],"duration":2,"failureDetails":[],"failureMessages":[],"fullName":"UsersService addFriend should add friend to both users","invocations":1,"location":null,"numPassingAsserts":2,"retryReasons":[],"status":"passed","title":"should add friend to both users"},{"ancestorTitles":["UsersService","addFriend"],"duration":2,"failureDetails":[],"failureMessages":[],"fullName":"UsersService addFriend should throw BadRequestException when trying to add yourself","invocations":1,"location":null,"numPassingAsserts":1,"retryReasons":[],"status":"passed","title":"should throw BadRequestException when trying to add yourself"},{"ancestorTitles":["UsersService","addFriend"],"duration":0,"failureDetails":[],"failureMessages":[],"fullName":"UsersService addFriend should throw NotFoundException when either user does not exist","invocations":1,"location":null,"numPassingAsserts":1,"retryReasons":[],"status":"passed","title":"should throw NotFoundException when either user does not exist"},{"ancestorTitles":["UsersService","addFriend"],"duration":1,"failureDetails":[],"failureMessages":[],"fullName":"UsersService addFriend should throw BadRequestException if users are already friends","invocations":1,"location":null,"numPassingAsserts":1,"retryReasons":[],"status":"passed","title":"should throw BadRequestException if users are already friends"},{"ancestorTitles":["UsersService","removeFriend"],"duration":1,"failureDetails":[],"failureMessages":[],"fullName":"UsersService removeFriend should remove friend from both sides","invocations":1,"location":null,"numPassingAsserts":3,"retryReasons":[],"status":"passed","title":"should remove friend from both sides"},{"ancestorTitles":["UsersService","removeFriend"],"duration":1,"failureDetails":[],"failureMessages":[],"fullName":"UsersService removeFriend should throw NotFoundException if either user does not exist","invocations":1,"location":null,"numPassingAsserts":1,"retryReasons":[],"status":"passed","title":"should throw NotFoundException if either user does not exist"},{"ancestorTitles":["UsersService","getPublicProfile"],"duration":1,"failureDetails":[],"failureMessages":[],"fullName":"UsersService getPublicProfile should return profile stats with isFriend = true when users are friends","invocations":1,"location":null,"numPassingAsserts":2,"retryReasons":[],"status":"passed","title":"should return profile stats with isFriend = true when users are friends"},{"ancestorTitles":["UsersService","getPublicProfile"],"duration":1,"failureDetails":[],"failureMessages":[],"fullName":"UsersService getPublicProfile should return isFriend = false when users are not friends","invocations":1,"location":null,"numPassingAsserts":1,"retryReasons":[],"status":"passed","title":"should return isFriend = false when users are not friends"},{"ancestorTitles":["UsersService","getPublicProfile"],"duration":1,"failureDetails":[],"failureMessages":[],"fullName":"UsersService getPublicProfile should throw NotFoundException when target profile does not exist","invocations":1,"location":null,"numPassingAsserts":1,"retryReasons":[],"status":"passed","title":"should throw NotFoundException when target profile does not exist"}],"endTime":1779383180957,"message":"","name":"D:\\movie-manager\\movie-backend\\src\\users\\tests\\users.service.spec.ts","startTime":1779383179786,"status":"passed","summary":""}],"wasInterrupted":false}
